{"total": {"lines":{"total":2085,"covered":1797,"skipped":0,"pct":86.19},"statements":{"total":2089,"covered":1801,"skipped":0,"pct":86.21},"functions":{"total":483,"covered":410,"skipped":0,"pct":84.89},"branches":{"total":681,"covered":513,"skipped":0,"pct":75.33}}
,"/Users/zachleat/Code/eleventy/config.js": {"lines":{"total":6,"covered":6,"skipped":0,"pct":100},"functions":{"total":1,"covered":1,"skipped":0,"pct":100},"statements":{"total":6,"covered":6,"skipped":0,"pct":100},"branches":{"total":0,"covered":0,"skipped":0,"pct":100}}
,"/Users/zachleat/Code/eleventy/src/Benchmark.js": {"lines":{"total":12,"covered":11,"skipped":0,"pct":91.67},"functions":{"total":6,"covered":5,"skipped":0,"pct":83.33},"statements":{"total":12,"covered":11,"skipped":0,"pct":91.67},"branches":{"total":6,"covered":4,"skipped":0,"pct":66.67}}
,"/Users/zachleat/Code/eleventy/src/Config.js": {"lines":{"total":5,"covered":5,"skipped":0,"pct":100},"functions":{"total":0,"covered":0,"skipped":0,"pct":100},"statements":{"total":5,"covered":5,"skipped":0,"pct":100},"branches":{"total":0,"covered":0,"skipped":0,"pct":100}}
,"/Users/zachleat/Code/eleventy/src/Eleventy.js": {"lines":{"total":175,"covered":92,"skipped":0,"pct":52.57},"functions":{"total":24,"covered":9,"skipped":0,"pct":37.5},"statements":{"total":175,"covered":92,"skipped":0,"pct":52.57},"branches":{"total":44,"covered":10,"skipped":0,"pct":22.73}}
,"/Users/zachleat/Code/eleventy/src/EleventyCommandCheck.js": {"lines":{"total":27,"covered":27,"skipped":0,"pct":100},"functions":{"total":5,"covered":5,"skipped":0,"pct":100},"statements":{"total":27,"covered":27,"skipped":0,"pct":100},"branches":{"total":8,"covered":7,"skipped":0,"pct":87.5}}
,"/Users/zachleat/Code/eleventy/src/EleventyConfig.js": {"lines":{"total":2,"covered":2,"skipped":0,"pct":100},"functions":{"total":0,"covered":0,"skipped":0,"pct":100},"statements":{"total":2,"covered":2,"skipped":0,"pct":100},"branches":{"total":0,"covered":0,"skipped":0,"pct":100}}
,"/Users/zachleat/Code/eleventy/src/EleventyError.js": {"lines":{"total":12,"covered":12,"skipped":0,"pct":100},"functions":{"total":5,"covered":5,"skipped":0,"pct":100},"statements":{"total":12,"covered":12,"skipped":0,"pct":100},"branches":{"total":2,"covered":2,"skipped":0,"pct":100}}
,"/Users/zachleat/Code/eleventy/src/EleventyExtensionMap.js": {"lines":{"total":24,"covered":24,"skipped":0,"pct":100},"functions":{"total":14,"covered":14,"skipped":0,"pct":100},"statements":{"total":24,"covered":24,"skipped":0,"pct":100},"branches":{"total":10,"covered":9,"skipped":0,"pct":90}}
,"/Users/zachleat/Code/eleventy/src/EleventyServe.js": {"lines":{"total":56,"covered":11,"skipped":0,"pct":19.64},"functions":{"total":13,"covered":6,"skipped":0,"pct":46.15},"statements":{"total":56,"covered":11,"skipped":0,"pct":19.64},"branches":{"total":31,"covered":0,"skipped":0,"pct":0}}
,"/Users/zachleat/Code/eleventy/src/Template.js": {"lines":{"total":222,"covered":202,"skipped":0,"pct":90.99},"functions":{"total":40,"covered":35,"skipped":0,"pct":87.5},"statements":{"total":222,"covered":202,"skipped":0,"pct":90.99},"branches":{"total":85,"covered":68,"skipped":0,"pct":80}}
,"/Users/zachleat/Code/eleventy/src/TemplateCache.js": {"lines":{"total":9,"covered":9,"skipped":0,"pct":100},"functions":{"total":6,"covered":6,"skipped":0,"pct":100},"statements":{"total":9,"covered":9,"skipped":0,"pct":100},"branches":{"total":2,"covered":2,"skipped":0,"pct":100}}
,"/Users/zachleat/Code/eleventy/src/TemplateCollection.js": {"lines":{"total":30,"covered":28,"skipped":0,"pct":93.33},"functions":{"total":13,"covered":12,"skipped":0,"pct":92.31},"statements":{"total":32,"covered":30,"skipped":0,"pct":93.75},"branches":{"total":12,"covered":10,"skipped":0,"pct":83.33}}
,"/Users/zachleat/Code/eleventy/src/TemplateConfig.js": {"lines":{"total":55,"covered":46,"skipped":0,"pct":83.64},"functions":{"total":9,"covered":5,"skipped":0,"pct":55.56},"statements":{"total":55,"covered":46,"skipped":0,"pct":83.64},"branches":{"total":18,"covered":17,"skipped":0,"pct":94.44}}
,"/Users/zachleat/Code/eleventy/src/TemplateContent.js": {"lines":{"total":49,"covered":46,"skipped":0,"pct":93.88},"functions":{"total":12,"covered":12,"skipped":0,"pct":100},"statements":{"total":49,"covered":46,"skipped":0,"pct":93.88},"branches":{"total":12,"covered":9,"skipped":0,"pct":75}}
,"/Users/zachleat/Code/eleventy/src/TemplateData.js": {"lines":{"total":123,"covered":120,"skipped":0,"pct":97.56},"functions":{"total":18,"covered":18,"skipped":0,"pct":100},"statements":{"total":123,"covered":120,"skipped":0,"pct":97.56},"branches":{"total":32,"covered":25,"skipped":0,"pct":78.13}}
,"/Users/zachleat/Code/eleventy/src/TemplateFileSlug.js": {"lines":{"total":19,"covered":19,"skipped":0,"pct":100},"functions":{"total":2,"covered":2,"skipped":0,"pct":100},"statements":{"total":19,"covered":19,"skipped":0,"pct":100},"branches":{"total":8,"covered":8,"skipped":0,"pct":100}}
,"/Users/zachleat/Code/eleventy/src/TemplateGlob.js": {"lines":{"total":15,"covered":14,"skipped":0,"pct":93.33},"functions":{"total":4,"covered":4,"skipped":0,"pct":100},"statements":{"total":15,"covered":14,"skipped":0,"pct":93.33},"branches":{"total":8,"covered":7,"skipped":0,"pct":87.5}}
,"/Users/zachleat/Code/eleventy/src/TemplateLayout.js": {"lines":{"total":65,"covered":65,"skipped":0,"pct":100},"functions":{"total":9,"covered":9,"skipped":0,"pct":100},"statements":{"total":65,"covered":65,"skipped":0,"pct":100},"branches":{"total":14,"covered":14,"skipped":0,"pct":100}}
,"/Users/zachleat/Code/eleventy/src/TemplateLayoutPathResolver.js": {"lines":{"total":33,"covered":32,"skipped":0,"pct":96.97},"functions":{"total":6,"covered":6,"skipped":0,"pct":100},"statements":{"total":33,"covered":32,"skipped":0,"pct":96.97},"branches":{"total":14,"covered":13,"skipped":0,"pct":92.86}}
,"/Users/zachleat/Code/eleventy/src/TemplateMap.js": {"lines":{"total":101,"covered":100,"skipped":0,"pct":99.01},"functions":{"total":19,"covered":19,"skipped":0,"pct":100},"statements":{"total":101,"covered":100,"skipped":0,"pct":99.01},"branches":{"total":26,"covered":22,"skipped":0,"pct":84.62}}
,"/Users/zachleat/Code/eleventy/src/TemplatePassthrough.js": {"lines":{"total":11,"covered":9,"skipped":0,"pct":81.82},"functions":{"total":4,"covered":3,"skipped":0,"pct":75},"statements":{"total":11,"covered":9,"skipped":0,"pct":81.82},"branches":{"total":2,"covered":0,"skipped":0,"pct":0}}
,"/Users/zachleat/Code/eleventy/src/TemplatePassthroughManager.js": {"lines":{"total":54,"covered":41,"skipped":0,"pct":75.93},"functions":{"total":15,"covered":12,"skipped":0,"pct":80},"statements":{"total":54,"covered":41,"skipped":0,"pct":75.93},"branches":{"total":12,"covered":9,"skipped":0,"pct":75}}
,"/Users/zachleat/Code/eleventy/src/TemplatePath.js": {"lines":{"total":81,"covered":79,"skipped":0,"pct":97.53},"functions":{"total":18,"covered":17,"skipped":0,"pct":94.44},"statements":{"total":81,"covered":79,"skipped":0,"pct":97.53},"branches":{"total":54,"covered":52,"skipped":0,"pct":96.3}}
,"/Users/zachleat/Code/eleventy/src/TemplatePermalink.js": {"lines":{"total":31,"covered":31,"skipped":0,"pct":100},"functions":{"total":7,"covered":7,"skipped":0,"pct":100},"statements":{"total":31,"covered":31,"skipped":0,"pct":100},"branches":{"total":20,"covered":20,"skipped":0,"pct":100}}
,"/Users/zachleat/Code/eleventy/src/TemplateRender.js": {"lines":{"total":78,"covered":77,"skipped":0,"pct":98.72},"functions":{"total":17,"covered":17,"skipped":0,"pct":100},"statements":{"total":78,"covered":77,"skipped":0,"pct":98.72},"branches":{"total":36,"covered":34,"skipped":0,"pct":94.44}}
,"/Users/zachleat/Code/eleventy/src/TemplateWriter.js": {"lines":{"total":162,"covered":147,"skipped":0,"pct":90.74},"functions":{"total":34,"covered":28,"skipped":0,"pct":82.35},"statements":{"total":162,"covered":147,"skipped":0,"pct":90.74},"branches":{"total":34,"covered":27,"skipped":0,"pct":79.41}}
,"/Users/zachleat/Code/eleventy/src/UserConfig.js": {"lines":{"total":151,"covered":93,"skipped":0,"pct":61.59},"functions":{"total":42,"covered":23,"skipped":0,"pct":54.76},"statements":{"total":152,"covered":94,"skipped":0,"pct":61.84},"branches":{"total":50,"covered":22,"skipped":0,"pct":44}}
,"/Users/zachleat/Code/eleventy/src/Engines/Ejs.js": {"lines":{"total":22,"covered":21,"skipped":0,"pct":95.45},"functions":{"total":7,"covered":6,"skipped":0,"pct":85.71},"statements":{"total":22,"covered":21,"skipped":0,"pct":95.45},"branches":{"total":6,"covered":4,"skipped":0,"pct":66.67}}
,"/Users/zachleat/Code/eleventy/src/Engines/Haml.js": {"lines":{"total":10,"covered":10,"skipped":0,"pct":100},"functions":{"total":3,"covered":3,"skipped":0,"pct":100},"statements":{"total":10,"covered":10,"skipped":0,"pct":100},"branches":{"total":2,"covered":2,"skipped":0,"pct":100}}
,"/Users/zachleat/Code/eleventy/src/Engines/Handlebars.js": {"lines":{"total":31,"covered":31,"skipped":0,"pct":100},"functions":{"total":9,"covered":9,"skipped":0,"pct":100},"statements":{"total":31,"covered":31,"skipped":0,"pct":100},"branches":{"total":6,"covered":5,"skipped":0,"pct":83.33}}
,"/Users/zachleat/Code/eleventy/src/Engines/Html.js": {"lines":{"total":9,"covered":9,"skipped":0,"pct":100},"functions":{"total":3,"covered":3,"skipped":0,"pct":100},"statements":{"total":9,"covered":9,"skipped":0,"pct":100},"branches":{"total":2,"covered":2,"skipped":0,"pct":100}}
,"/Users/zachleat/Code/eleventy/src/Engines/JavaScriptTemplateLiteral.js": {"lines":{"total":15,"covered":14,"skipped":0,"pct":93.33},"functions":{"total":2,"covered":2,"skipped":0,"pct":100},"statements":{"total":15,"covered":14,"skipped":0,"pct":93.33},"branches":{"total":2,"covered":2,"skipped":0,"pct":100}}
,"/Users/zachleat/Code/eleventy/src/Engines/Liquid.js": {"lines":{"total":67,"covered":64,"skipped":0,"pct":95.52},"functions":{"total":25,"covered":24,"skipped":0,"pct":96},"statements":{"total":67,"covered":64,"skipped":0,"pct":95.52},"branches":{"total":8,"covered":6,"skipped":0,"pct":75}}
,"/Users/zachleat/Code/eleventy/src/Engines/Markdown.js": {"lines":{"total":30,"covered":27,"skipped":0,"pct":90},"functions":{"total":8,"covered":7,"skipped":0,"pct":87.5},"statements":{"total":30,"covered":27,"skipped":0,"pct":90},"branches":{"total":12,"covered":9,"skipped":0,"pct":75}}
,"/Users/zachleat/Code/eleventy/src/Engines/Mustache.js": {"lines":{"total":12,"covered":12,"skipped":0,"pct":100},"functions":{"total":4,"covered":4,"skipped":0,"pct":100},"statements":{"total":12,"covered":12,"skipped":0,"pct":100},"branches":{"total":2,"covered":2,"skipped":0,"pct":100}}
,"/Users/zachleat/Code/eleventy/src/Engines/Nunjucks.js": {"lines":{"total":62,"covered":57,"skipped":0,"pct":91.94},"functions":{"total":21,"covered":21,"skipped":0,"pct":100},"statements":{"total":62,"covered":57,"skipped":0,"pct":91.94},"branches":{"total":6,"covered":4,"skipped":0,"pct":66.67}}
,"/Users/zachleat/Code/eleventy/src/Engines/Pug.js": {"lines":{"total":17,"covered":17,"skipped":0,"pct":100},"functions":{"total":5,"covered":5,"skipped":0,"pct":100},"statements":{"total":17,"covered":17,"skipped":0,"pct":100},"branches":{"total":4,"covered":3,"skipped":0,"pct":75}}
,"/Users/zachleat/Code/eleventy/src/Engines/TemplateEngine.js": {"lines":{"total":35,"covered":35,"skipped":0,"pct":100},"functions":{"total":11,"covered":11,"skipped":0,"pct":100},"statements":{"total":35,"covered":35,"skipped":0,"pct":100},"branches":{"total":6,"covered":6,"skipped":0,"pct":100}}
,"/Users/zachleat/Code/eleventy/src/Filters/Slug.js": {"lines":{"total":3,"covered":3,"skipped":0,"pct":100},"functions":{"total":1,"covered":1,"skipped":0,"pct":100},"statements":{"total":3,"covered":3,"skipped":0,"pct":100},"branches":{"total":0,"covered":0,"skipped":0,"pct":100}}
,"/Users/zachleat/Code/eleventy/src/Filters/Url.js": {"lines":{"total":18,"covered":18,"skipped":0,"pct":100},"functions":{"total":1,"covered":1,"skipped":0,"pct":100},"statements":{"total":18,"covered":18,"skipped":0,"pct":100},"branches":{"total":21,"covered":21,"skipped":0,"pct":100}}
,"/Users/zachleat/Code/eleventy/src/Plugins/Pagination.js": {"lines":{"total":94,"covered":86,"skipped":0,"pct":91.49},"functions":{"total":14,"covered":13,"skipped":0,"pct":92.86},"statements":{"total":94,"covered":86,"skipped":0,"pct":91.49},"branches":{"total":42,"covered":35,"skipped":0,"pct":83.33}}
,"/Users/zachleat/Code/eleventy/src/Util/Capitalize.js": {"lines":{"total":4,"covered":4,"skipped":0,"pct":100},"functions":{"total":2,"covered":2,"skipped":0,"pct":100},"statements":{"total":4,"covered":4,"skipped":0,"pct":100},"branches":{"total":2,"covered":2,"skipped":0,"pct":100}}
,"/Users/zachleat/Code/eleventy/src/Util/Pluralize.js": {"lines":{"total":2,"covered":2,"skipped":0,"pct":100},"functions":{"total":1,"covered":1,"skipped":0,"pct":100},"statements":{"total":2,"covered":2,"skipped":0,"pct":100},"branches":{"total":2,"covered":2,"skipped":0,"pct":100}}
,"/Users/zachleat/Code/eleventy/src/Util/Sortable.js": {"lines":{"total":46,"covered":39,"skipped":0,"pct":84.78},"functions":{"total":23,"covered":17,"skipped":0,"pct":73.91},"statements":{"total":47,"covered":40,"skipped":0,"pct":85.11},"branches":{"total":18,"covered":17,"skipped":0,"pct":94.44}}
}
